#
# There is insufficient memory for the Java Runtime Environment to continue.
# Native memory allocation (mmap) failed to map 67108864 bytes for committing reserved memory.
# Possible reasons:
#   The system is out of physical RAM or swap space
#   In 32 bit mode, the process size limit was hit
# Possible solutions:
#   Reduce memory load on the system
#   Increase physical memory or swap space
#   Check if swap backing store is full
#   Use 64 bit Java on a 64 bit OS
#   Decrease Java heap size (-Xmx/-Xms)
#   Decrease number of Java threads
#   Decrease Java thread stack sizes (-Xss)
#   Set larger code cache with -XX:ReservedCodeCacheSize=
# This output file may be truncated or incomplete.
#
#  Out of Memory Error (os_linux.cpp:2640), pid=10093, tid=0x00007f9a215e9700
#
# JRE version: OpenJDK Runtime Environment (8.0_152-b01) (build 1.8.0_152-release-915-b01)
# Java VM: OpenJDK 64-Bit Server VM (25.152-b01 mixed mode linux-amd64 compressed oops)
# Failed to write core dump. Core dumps have been disabled. To enable core dumping, try "ulimit -c unlimited" before starting Java again
#

---------------  T H R E A D  ---------------

Current thread (0x00007f9a34074000):  VMThread [stack: 0x00007f9a214e9000,0x00007f9a215ea000] [id=10101]

Stack: [0x00007f9a214e9000,0x00007f9a215ea000],  sp=0x00007f9a215e84c0,  free space=1021k
Native frames: (J=compiled Java code, j=interpreted, Vv=VM code, C=native code)
V  [libjvm.so+0x9eb15d]  VMError::report_and_die()+0x15d
V  [libjvm.so+0x4b8eaa]  report_vm_out_of_memory(char const*, int, unsigned long, VMErrorType, char const*)+0x8a
V  [libjvm.so+0x851370]  os::pd_commit_memory(char*, unsigned long, unsigned long, bool)+0xf0
V  [libjvm.so+0x84be8f]  os::commit_memory(char*, unsigned long, unsigned long, bool)+0x1f
V  [libjvm.so+0x8c261b]  PSVirtualSpace::expand_by(unsigned long)+0x5b
V  [libjvm.so+0x8c3290]  PSYoungGen::resize_generation(unsigned long, unsigned long)+0xb0
V  [libjvm.so+0x8c35ab]  PSYoungGen::resize(unsigned long, unsigned long)+0x1b
V  [libjvm.so+0x8bfc9c]  PSScavenge::invoke_no_policy()+0xdac
V  [libjvm.so+0x8c0478]  PSScavenge::invoke()+0x38
V  [libjvm.so+0x8748f3]  ParallelScavengeHeap::failed_mem_allocate(unsigned long)+0x63
V  [libjvm.so+0x9ecc84]  VM_ParallelGCFailedAllocation::doit()+0x84
V  [libjvm.so+0x9f1197]  VM_Operation::evaluate()+0x47
V  [libjvm.so+0x9efb78]  VMThread::evaluate_operation(VM_Operation*)+0x2c8
V  [libjvm.so+0x9efff9]  VMThread::loop()+0x219
V  [libjvm.so+0x9f0442]  VMThread::run()+0x72
V  [libjvm.so+0x84e792]  java_start(Thread*)+0xf2

VM_Operation (0x00007f9a20b080a0): ParallelGCFailedAllocation, mode: safepoint, requested by thread 0x00007f9a34158800


---------------  P R O C E S S  ---------------

Java Threads: ( => current thread )
  0x00007f9a34162000 JavaThread "pool-1-thread-4" [_thread_blocked, id=10113, stack(0x00007f9a20605000,0x00007f9a20706000)]
  0x00007f9a34161000 JavaThread "pool-1-thread-3" [_thread_blocked, id=10112, stack(0x00007f9a20706000,0x00007f9a20807000)]
  0x00007f9a3415e000 JavaThread "pool-1-thread-2" [_thread_blocked, id=10111, stack(0x00007f9a20807000,0x00007f9a20908000)]
  0x00007f9a3415a000 JavaThread "pool-2-thread-1" [_thread_blocked, id=10110, stack(0x00007f9a20908000,0x00007f9a20a09000)]
  0x00007f9a34158800 JavaThread "pool-1-thread-1" [_thread_blocked, id=10109, stack(0x00007f9a20a09000,0x00007f9a20b0a000)]
  0x00007f9a340cc000 JavaThread "Service Thread" daemon [_thread_blocked, id=10107, stack(0x00007f9a20c0b000,0x00007f9a20d0c000)]
  0x00007f9a340b7000 JavaThread "C1 CompilerThread1" daemon [_thread_blocked, id=10106, stack(0x00007f9a20d0c000,0x00007f9a20e0d000)]
  0x00007f9a340b4800 JavaThread "C2 CompilerThread0" daemon [_thread_blocked, id=10105, stack(0x00007f9a20e0d000,0x00007f9a20f0e000)]
  0x00007f9a340b3000 JavaThread "Signal Dispatcher" daemon [_thread_blocked, id=10104, stack(0x00007f9a20f0e000,0x00007f9a2100f000)]
  0x00007f9a34080000 JavaThread "Finalizer" daemon [_thread_blocked, id=10103, stack(0x00007f9a212e7000,0x00007f9a213e8000)]
  0x00007f9a3407b800 JavaThread "Reference Handler" daemon [_thread_blocked, id=10102, stack(0x00007f9a213e8000,0x00007f9a214e9000)]
  0x00007f9a3400b000 JavaThread "main" [_thread_blocked, id=10096, stack(0x00007f9a3b291000,0x00007f9a3b392000)]

Other Threads:
=>0x00007f9a34074000 VMThread [stack: 0x00007f9a214e9000,0x00007f9a215ea000] [id=10101]
  0x00007f9a340ce800 WatcherThread [stack: 0x00007f9a20b0a000,0x00007f9a20c0b000] [id=10108]

VM state:at safepoint (normal execution)

VM Mutex/Monitor currently owned by a thread:  ([mutex/lock_event])
[0x00007f9a34007150] Threads_lock - owner thread: 0x00007f9a34074000
[0x00007f9a34007650] Heap_lock - owner thread: 0x00007f9a34158800

Heap:
 PSYoungGen      total 66560K, used 8162K [0x00000000eab00000, 0x00000000ef500000, 0x0000000100000000)
  eden space 58368K, 0% used [0x00000000eab00000,0x00000000eab00000,0x00000000ee400000)
  from space 8192K, 99% used [0x00000000ee400000,0x00000000eebf8bf0,0x00000000eec00000)
  to   space 7168K, 0% used [0x00000000eec00000,0x00000000eec00000,0x00000000ef300000)
 ParOldGen       total 38400K, used 20521K [0x00000000c0000000, 0x00000000c2580000, 0x00000000eab00000)
  object space 38400K, 53% used [0x00000000c0000000,0x00000000c140a4c8,0x00000000c2580000)
 Metaspace       used 6019K, capacity 6960K, committed 7040K, reserved 1056768K
  class space    used 593K, capacity 616K, committed 640K, reserved 1048576K

Card table byte_map: [0x00007f9a24dff000,0x00007f9a25000000] byte_map_base: 0x00007f9a247ff000

Marking Bits: (ParMarkBitMap*) 0x00007f9a3a75c3e0
 Begin Bits: [0x00007f9a22ba8000, 0x00007f9a23ba8000)
 End Bits:   [0x00007f9a23ba8000, 0x00007f9a24ba8000)

Polling page: 0x00007f9a3b3b0000

CodeCache: size=245760Kb used=5283Kb max_used=5303Kb free=240476Kb
 bounds [0x00007f9a25000000, 0x00007f9a25540000, 0x00007f9a34000000]
 total_blobs=1536 nmethods=1276 adapters=176
 compilation: enabled

Compilation events (10 events):
Event: 15.926 Thread 0x00007f9a340b7000 nmethod 1439 0x00007f9a25523d90 code [0x00007f9a25523f00, 0x00007f9a255240d8]
Event: 15.926 Thread 0x00007f9a340b7000 1401       2       com.android.dx.rop.code.AccessFlags::isStatic (13 bytes)
Event: 15.927 Thread 0x00007f9a340b7000 nmethod 1401 0x00007f9a25524250 code [0x00007f9a255243a0, 0x00007f9a255244f0]
Event: 15.927 Thread 0x00007f9a340b7000 1711       2       com.android.dx.dex.file.Section::validateAlignment (23 bytes)
Event: 15.936 Thread 0x00007f9a340b7000 nmethod 1711 0x00007f9a25524590 code [0x00007f9a25524700, 0x00007f9a255248e8]
Event: 15.936 Thread 0x00007f9a340b7000 1719       2       java.util.HashMap$TreeNode::find (172 bytes)
Event: 15.938 Thread 0x00007f9a340b7000 nmethod 1719 0x00007f9a255249d0 code [0x00007f9a25524b80, 0x00007f9a25524fb8]
Event: 15.938 Thread 0x00007f9a340b7000 1649       2       java.lang.Float::isNaN (12 bytes)
Event: 16.123 Thread 0x00007f9a340b4800 nmethod 1366 0x00007f9a2552a1d0 code [0x00007f9a2552a5a0, 0x00007f9a2552c7d8]
Event: 16.123 Thread 0x00007f9a340b4800 1539       4       java.util.BitSet::cardinality (32 bytes)

GC Heap History (10 events):
Event: 8.221 GC heap after
Heap after GC invocations=2 (full 0):
 PSYoungGen      total 16896K, used 2032K [0x00000000eab00000, 0x00000000ecc00000, 0x0000000100000000)
  eden space 14848K, 0% used [0x00000000eab00000,0x00000000eab00000,0x00000000eb980000)
  from space 2048K, 99% used [0x00000000ebb80000,0x00000000ebd7c028,0x00000000ebd80000)
  to   space 2048K, 0% used [0x00000000eb980000,0x00000000eb980000,0x00000000ebb80000)
 ParOldGen       total 38400K, used 3938K [0x00000000c0000000, 0x00000000c2580000, 0x00000000eab00000)
  object space 38400K, 10% used [0x00000000c0000000,0x00000000c03d8bd8,0x00000000c2580000)
 Metaspace       used 5626K, capacity 6704K, committed 6784K, reserved 1056768K
  class space    used 571K, capacity 616K, committed 640K, reserved 1048576K
}
Event: 9.338 GC heap before
{Heap before GC invocations=3 (full 0):
 PSYoungGen      total 16896K, used 16880K [0x00000000eab00000, 0x00000000ecc00000, 0x0000000100000000)
  eden space 14848K, 100% used [0x00000000eab00000,0x00000000eb980000,0x00000000eb980000)
  from space 2048K, 99% used [0x00000000ebb80000,0x00000000ebd7c028,0x00000000ebd80000)
  to   space 2048K, 0% used [0x00000000eb980000,0x00000000eb980000,0x00000000ebb80000)
 ParOldGen       total 38400K, used 3938K [0x00000000c0000000, 0x00000000c2580000, 0x00000000eab00000)
  object space 38400K, 10% used [0x00000000c0000000,0x00000000c03d8bd8,0x00000000c2580000)
 Metaspace       used 5710K, capacity 6768K, committed 7040K, reserved 1056768K
  class space    used 572K, capacity 616K, committed 640K, reserved 1048576K
Event: 9.417 GC heap after
Heap after GC invocations=3 (full 0):
 PSYoungGen      total 16896K, used 2039K [0x00000000eab00000, 0x00000000ecc00000, 0x0000000100000000)
  eden space 14848K, 0% used [0x00000000eab00000,0x00000000eab00000,0x00000000eb980000)
  from space 2048K, 99% used [0x00000000eb980000,0x00000000ebb7df38,0x00000000ebb80000)
  to   space 2048K, 0% used [0x00000000eca00000,0x00000000eca00000,0x00000000ecc00000)
 ParOldGen       total 38400K, used 6481K [0x00000000c0000000, 0x00000000c2580000, 0x00000000eab00000)
  object space 38400K, 16% used [0x00000000c0000000,0x00000000c06544b0,0x00000000c2580000)
 Metaspace       used 5710K, capacity 6768K, committed 7040K, reserved 1056768K
  class space    used 572K, capacity 616K, committed 640K, reserved 1048576K
}
Event: 10.245 GC heap before
{Heap before GC invocations=4 (full 0):
 PSYoungGen      total 16896K, used 16887K [0x00000000eab00000, 0x00000000ecc00000, 0x0000000100000000)
  eden space 14848K, 100% used [0x00000000eab00000,0x00000000eb980000,0x00000000eb980000)
  from space 2048K, 99% used [0x00000000eb980000,0x00000000ebb7df38,0x00000000ebb80000)
  to   space 2048K, 0% used [0x00000000eca00000,0x00000000eca00000,0x00000000ecc00000)
 ParOldGen       total 38400K, used 6481K [0x00000000c0000000, 0x00000000c2580000, 0x00000000eab00000)
  object space 38400K, 16% used [0x00000000c0000000,0x00000000c06544b0,0x00000000c2580000)
 Metaspace       used 5771K, capacity 6832K, committed 7040K, reserved 1056768K
  class space    used 574K, capacity 616K, committed 640K, reserved 1048576K
Event: 10.331 GC heap after
Heap after GC invocations=4 (full 0):
 PSYoungGen      total 31744K, used 2042K [0x00000000eab00000, 0x00000000ecc00000, 0x0000000100000000)
  eden space 29696K, 0% used [0x00000000eab00000,0x00000000eab00000,0x00000000ec800000)
  from space 2048K, 99% used [0x00000000eca00000,0x00000000ecbfea40,0x00000000ecc00000)
  to   space 2048K, 0% used [0x00000000ec800000,0x00000000ec800000,0x00000000eca00000)
 ParOldGen       total 38400K, used 9411K [0x00000000c0000000, 0x00000000c2580000, 0x00000000eab00000)
  object space 38400K, 24% used [0x00000000c0000000,0x00000000c0930d90,0x00000000c2580000)
 Metaspace       used 5771K, capacity 6832K, committed 7040K, reserved 1056768K
  class space    used 574K, capacity 616K, committed 640K, reserved 1048576K
}
Event: 13.520 GC heap before
{Heap before GC invocations=5 (full 0):
 PSYoungGen      total 31744K, used 31738K [0x00000000eab00000, 0x00000000ecc00000, 0x0000000100000000)
  eden space 29696K, 100% used [0x00000000eab00000,0x00000000ec800000,0x00000000ec800000)
  from space 2048K, 99% used [0x00000000eca00000,0x00000000ecbfea40,0x00000000ecc00000)
  to   space 2048K, 0% used [0x00000000ec800000,0x00000000ec800000,0x00000000eca00000)
 ParOldGen       total 38400K, used 9411K [0x00000000c0000000, 0x00000000c2580000, 0x00000000eab00000)
  object space 38400K, 24% used [0x00000000c0000000,0x00000000c0930d90,0x00000000c2580000)
 Metaspace       used 5922K, capacity 6896K, committed 7040K, reserved 1056768K
  class space    used 593K, capacity 616K, committed 640K, reserved 1048576K
Event: 13.619 GC heap after
Heap after GC invocations=5 (full 0):
 PSYoungGen      total 31744K, used 2029K [0x00000000eab00000, 0x00000000ef300000, 0x0000000100000000)
  eden space 29696K, 0% used [0x00000000eab00000,0x00000000eab00000,0x00000000ec800000)
  from space 2048K, 99% used [0x00000000ec800000,0x00000000ec9fb550,0x00000000eca00000)
  to   space 7168K, 0% used [0x00000000eec00000,0x00000000eec00000,0x00000000ef300000)
 ParOldGen       total 38400K, used 14270K [0x00000000c0000000, 0x00000000c2580000, 0x00000000eab00000)
  object space 38400K, 37% used [0x00000000c0000000,0x00000000c0def9c0,0x00000000c2580000)
 Metaspace       used 5922K, capacity 6896K, committed 7040K, reserved 1056768K
  class space    used 593K, capacity 616K, committed 640K, reserved 1048576K
}
Event: 14.525 GC heap before
{Heap before GC invocations=6 (full 0):
 PSYoungGen      total 31744K, used 31725K [0x00000000eab00000, 0x00000000ef300000, 0x0000000100000000)
  eden space 29696K, 100% used [0x00000000eab00000,0x00000000ec800000,0x00000000ec800000)
  from space 2048K, 99% used [0x00000000ec800000,0x00000000ec9fb550,0x00000000eca00000)
  to   space 7168K, 0% used [0x00000000eec00000,0x00000000eec00000,0x00000000ef300000)
 ParOldGen       total 38400K, used 14270K [0x00000000c0000000, 0x00000000c2580000, 0x00000000eab00000)
  object space 38400K, 37% used [0x00000000c0000000,0x00000000c0def9c0,0x00000000c2580000)
 Metaspace       used 5927K, capacity 6896K, committed 7040K, reserved 1056768K
  class space    used 593K, capacity 616K, committed 640K, reserved 1048576K
Event: 14.596 GC heap after
Heap after GC invocations=6 (full 0):
 PSYoungGen      total 65536K, used 7111K [0x00000000eab00000, 0x00000000ef500000, 0x0000000100000000)
  eden space 58368K, 0% used [0x00000000eab00000,0x00000000eab00000,0x00000000ee400000)
  from space 7168K, 99% used [0x00000000eec00000,0x00000000ef2f1f00,0x00000000ef300000)
  to   space 8192K, 0% used [0x00000000ee400000,0x00000000ee400000,0x00000000eec00000)
 ParOldGen       total 38400K, used 14270K [0x00000000c0000000, 0x00000000c2580000, 0x00000000eab00000)
  object space 38400K, 37% used [0x00000000c0000000,0x00000000c0def9c0,0x00000000c2580000)
 Metaspace       used 5927K, capacity 6896K, committed 7040K, reserved 1056768K
  class space    used 593K, capacity 616K, committed 640K, reserved 1048576K
}
Event: 16.129 GC heap before
{Heap before GC invocations=7 (full 0):
 PSYoungGen      total 65536K, used 65479K [0x00000000eab00000, 0x00000000ef500000, 0x0000000100000000)
  eden space 58368K, 100% used [0x00000000eab00000,0x00000000ee400000,0x00000000ee400000)
  from space 7168K, 99% used [0x00000000eec00000,0x00000000ef2f1f00,0x00000000ef300000)
  to   space 8192K, 0% used [0x00000000ee400000,0x00000000ee400000,0x00000000eec00000)
 ParOldGen       total 38400K, used 14270K [0x00000000c0000000, 0x00000000c2580000, 0x00000000eab00000)
  object space 38400K, 37% used [0x00000000c0000000,0x00000000c0def9c0,0x00000000c2580000)
 Metaspace       used 6019K, capacity 6960K, committed 7040K, reserved 1056768K
  class space    used 593K, capacity 616K, committed 640K, reserved 1048576K

Deoptimization events (10 events):
Event: 6.427 Thread 0x00007f9a34158800 Uncommon trap: reason=unstable_if action=reinterpret pc=0x00007f9a2522fcc4 method=java.util.HashMap.getNode(ILjava/lang/Object;)Ljava/util/HashMap$Node; @ 129
Event: 8.032 Thread 0x00007f9a34162000 Uncommon trap: reason=null_check action=make_not_entrant pc=0x00007f9a252a3f1c method=com.android.dx.ssa.SsaRenamer.getLocalForNewReg(I)Lcom/android/dx/rop/code/LocalItem; @ 19
Event: 8.939 Thread 0x00007f9a34158800 Uncommon trap: reason=bimorphic action=maybe_recompile pc=0x00007f9a2521df28 method=java.util.HashMap.getNode(ILjava/lang/Object;)Ljava/util/HashMap$Node; @ 126
Event: 9.015 Thread 0x00007f9a34158800 Uncommon trap: reason=bimorphic action=maybe_recompile pc=0x00007f9a2521df28 method=java.util.HashMap.getNode(ILjava/lang/Object;)Ljava/util/HashMap$Node; @ 126
Event: 9.015 Thread 0x00007f9a34158800 Uncommon trap: reason=bimorphic action=maybe_recompile pc=0x00007f9a2521df28 method=java.util.HashMap.getNode(ILjava/lang/Object;)Ljava/util/HashMap$Node; @ 126
Event: 9.015 Thread 0x00007f9a34158800 Uncommon trap: reason=bimorphic action=maybe_recompile pc=0x00007f9a2521df28 method=java.util.HashMap.getNode(ILjava/lang/Object;)Ljava/util/HashMap$Node; @ 126
Event: 13.228 Thread 0x00007f9a3415e000 Uncommon trap: reason=unstable_if action=reinterpret pc=0x00007f9a253ca63c method=java.util.HashMap.getNode(ILjava/lang/Object;)Ljava/util/HashMap$Node; @ 84
Event: 13.229 Thread 0x00007f9a3415e000 Uncommon trap: reason=unstable_if action=reinterpret pc=0x00007f9a25317858 method=java.util.HashMap.getNode(ILjava/lang/Object;)Ljava/util/HashMap$Node; @ 84
Event: 13.431 Thread 0x00007f9a3415e000 Uncommon trap: reason=unstable_if action=reinterpret pc=0x00007f9a25321508 method=java.util.HashMap.putVal(ILjava/lang/Object;Ljava/lang/Object;ZZ)Ljava/lang/Object; @ 162
Event: 14.000 Thread 0x00007f9a34162000 Uncommon trap: reason=unstable_if action=reinterpret pc=0x00007f9a25404e4c method=java.util.HashMap.putVal(ILjava/lang/Object;Ljava/lang/Object;ZZ)Ljava/lang/Object; @ 109

Classes redefined (0 events):
No events

Internal exceptions (6 events):
Event: 0.511 Thread 0x00007f9a3400b000 Exception <a 'java/lang/NoSuchMethodError': Method sun.misc.Unsafe.defineClass(Ljava/lang/String;[BII)Ljava/lang/Class; name or signature does not match> (0x00000000eab07ca8) thrown at [/ssd/Android/AOSP-openjdk-git/jdk8u/hotspot/src/share/vm/prims/jni.cp
Event: 0.511 Thread 0x00007f9a3400b000 Exception <a 'java/lang/NoSuchMethodError': Method sun.misc.Unsafe.prefetchRead(Ljava/lang/Object;J)V name or signature does not match> (0x00000000eab07f90) thrown at [/ssd/Android/AOSP-openjdk-git/jdk8u/hotspot/src/share/vm/prims/jni.cpp, line 4011]
Event: 8.032 Thread 0x00007f9a34162000 Implicit null exception at 0x00007f9a252a1d70 to 0x00007f9a252a3eed
Event: 12.572 Thread 0x00007f9a3415e000 Exception <a 'java/lang/ArrayIndexOutOfBoundsException': 18> (0x00000000ebfd76e0) thrown at [/ssd/Android/AOSP-openjdk-git/jdk8u/hotspot/src/share/vm/interpreter/interpreterRuntime.cpp, line 366]
Event: 12.574 Thread 0x00007f9a3415e000 Exception <a 'java/lang/ArrayIndexOutOfBoundsException': 145> (0x00000000ebfd9260) thrown at [/ssd/Android/AOSP-openjdk-git/jdk8u/hotspot/src/share/vm/interpreter/interpreterRuntime.cpp, line 366]
Event: 13.195 Thread 0x00007f9a3415e000 Exception <a 'java/lang/ArrayIndexOutOfBoundsException'> (0x00000000ebfda548) thrown at [/ssd/Android/AOSP-openjdk-git/jdk8u/hotspot/src/share/vm/runtime/sharedRuntime.cpp, line 605]

Events (10 events):
Event: 15.950 Thread 0x00007f9a34158800 DEOPT UNPACKING pc=0x00007f9a25046f73 sp=0x00007f9a20b08078 mode 0
Event: 16.029 Thread 0x00007f9a34158800 DEOPT PACKING pc=0x00007f9a2525f747 sp=0x00007f9a20b07ea0
Event: 16.029 Thread 0x00007f9a34158800 DEOPT UNPACKING pc=0x00007f9a25046f73 sp=0x00007f9a20b07c08 mode 0
Event: 16.034 Thread 0x00007f9a3415e000 DEOPT PACKING pc=0x00007f9a2536272f sp=0x00007f9a20906310
Event: 16.034 Thread 0x00007f9a3415e000 DEOPT UNPACKING pc=0x00007f9a25046f73 sp=0x00007f9a20906060 mode 0
Event: 16.071 Thread 0x00007f9a34161000 DEOPT PACKING pc=0x00007f9a251f70b4 sp=0x00007f9a20804fa0
Event: 16.071 Thread 0x00007f9a34161000 DEOPT UNPACKING pc=0x00007f9a25046f73 sp=0x00007f9a20804ce8 mode 0
Event: 16.102 Thread 0x00007f9a34158800 DEOPT PACKING pc=0x00007f9a2525f747 sp=0x00007f9a20b07fa0
Event: 16.102 Thread 0x00007f9a34158800 DEOPT UNPACKING pc=0x00007f9a25046f73 sp=0x00007f9a20b07d08 mode 0
Event: 16.129 Executing VM operation: ParallelGCFailedAllocation


Dynamic libraries:
00400000-00401000 r-xp 00000000 08:01 411252                             /opt/android-studio/jre/bin/java
00600000-00601000 r--p 00000000 08:01 411252                             /opt/android-studio/jre/bin/java
00601000-00602000 rw-p 00001000 08:01 411252                             /opt/android-studio/jre/bin/java
01c5c000-01c7d000 rw-p 00000000 00:00 0                                  [heap]
c0000000-c2580000 rw-p 00000000 00:00 0 
c2580000-eab00000 ---p 00000000 00:00 0 
eab00000-ef500000 rw-p 00000000 00:00 0 
f3500000-100000000 ---p 00000000 00:00 0 
100000000-1000a0000 rw-p 00000000 00:00 0 
1000a0000-140000000 ---p 00000000 00:00 0 
7f99e4000000-7f99e4027000 rw-p 00000000 00:00 0 
7f99e4027000-7f99e8000000 ---p 00000000 00:00 0 
7f99ec000000-7f99ec021000 rw-p 00000000 00:00 0 
7f99ec021000-7f99f0000000 ---p 00000000 00:00 0 
7f99f0000000-7f99f0025000 rw-p 00000000 00:00 0 
7f99f0025000-7f99f4000000 ---p 00000000 00:00 0 
7f99f4000000-7f99f4021000 rw-p 00000000 00:00 0 
7f99f4021000-7f99f8000000 ---p 00000000 00:00 0 
7f99f8000000-7f99f8030000 rw-p 00000000 00:00 0 
7f99f8030000-7f99fc000000 ---p 00000000 00:00 0 
7f99fc000000-7f99fc661000 rw-p 00000000 00:00 0 
7f99fc661000-7f9a00000000 ---p 00000000 00:00 0 
7f9a00000000-7f9a00021000 rw-p 00000000 00:00 0 
7f9a00021000-7f9a04000000 ---p 00000000 00:00 0 
7f9a04000000-7f9a04021000 rw-p 00000000 00:00 0 
7f9a04021000-7f9a08000000 ---p 00000000 00:00 0 
7f9a08000000-7f9a0843d000 rw-p 00000000 00:00 0 
7f9a0843d000-7f9a0c000000 ---p 00000000 00:00 0 
7f9a0c000000-7f9a0c021000 rw-p 00000000 00:00 0 
7f9a0c021000-7f9a10000000 ---p 00000000 00:00 0 
7f9a10000000-7f9a10021000 rw-p 00000000 00:00 0 
7f9a10021000-7f9a14000000 ---p 00000000 00:00 0 
7f9a14000000-7f9a14021000 rw-p 00000000 00:00 0 
7f9a14021000-7f9a18000000 ---p 00000000 00:00 0 
7f9a18000000-7f9a18280000 rw-p 00000000 00:00 0 
7f9a18280000-7f9a1c000000 ---p 00000000 00:00 0 
7f9a1c000000-7f9a1c021000 rw-p 00000000 00:00 0 
7f9a1c021000-7f9a20000000 ---p 00000000 00:00 0 
7f9a20605000-7f9a20608000 ---p 00000000 00:00 0 
7f9a20608000-7f9a20706000 rw-p 00000000 00:00 0 
7f9a20706000-7f9a20709000 ---p 00000000 00:00 0 
7f9a20709000-7f9a20807000 rw-p 00000000 00:00 0 
7f9a20807000-7f9a2080a000 ---p 00000000 00:00 0 
7f9a2080a000-7f9a20908000 rw-p 00000000 00:00 0 
7f9a20908000-7f9a2090b000 ---p 00000000 00:00 0 
7f9a2090b000-7f9a20a09000 rw-p 00000000 00:00 0 
7f9a20a09000-7f9a20a0c000 ---p 00000000 00:00 0 
7f9a20a0c000-7f9a20b0a000 rw-p 00000000 00:00 0 
7f9a20b0a000-7f9a20b0b000 ---p 00000000 00:00 0 
7f9a20b0b000-7f9a20c0b000 rw-p 00000000 00:00 0 
7f9a20c0b000-7f9a20c0e000 ---p 00000000 00:00 0 
7f9a20c0e000-7f9a20d0c000 rw-p 00000000 00:00 0 
7f9a20d0c000-7f9a20d0f000 ---p 00000000 00:00 0 
7f9a20d0f000-7f9a20e0d000 rw-p 00000000 00:00 0 
7f9a20e0d000-7f9a20e10000 ---p 00000000 00:00 0 
7f9a20e10000-7f9a20f0e000 rw-p 00000000 00:00 0 
7f9a20f0e000-7f9a20f11000 ---p 00000000 00:00 0 
7f9a20f11000-7f9a2100f000 rw-p 00000000 00:00 0 
7f9a2100f000-7f9a212e7000 r--p 00000000 08:01 1317544                    /usr/lib/locale/locale-archive
7f9a212e7000-7f9a212ea000 ---p 00000000 00:00 0 
7f9a212ea000-7f9a213e8000 rw-p 00000000 00:00 0 
7f9a213e8000-7f9a213eb000 ---p 00000000 00:00 0 
7f9a213eb000-7f9a214e9000 rw-p 00000000 00:00 0 
7f9a214e9000-7f9a214ea000 ---p 00000000 00:00 0 
7f9a214ea000-7f9a21f62000 rw-p 00000000 00:00 0 
7f9a21f62000-7f9a22132000 r--s 03c46000 08:01 411331                     /opt/android-studio/jre/jre/lib/rt.jar
7f9a22132000-7f9a227e8000 rw-p 00000000 00:00 0 
7f9a227e8000-7f9a229a8000 ---p 00000000 00:00 0 
7f9a229a8000-7f9a24ba8000 rw-p 00000000 00:00 0 
7f9a24ba8000-7f9a24ba9000 ---p 00000000 00:00 0 
7f9a24ba9000-7f9a24cbc000 rw-p 00000000 00:00 0 
7f9a24cbc000-7f9a24dff000 ---p 00000000 00:00 0 
7f9a24dff000-7f9a24e12000 rw-p 00000000 00:00 0 
7f9a24e12000-7f9a24f54000 ---p 00000000 00:00 0 
7f9a24f54000-7f9a24f7a000 rw-p 00000000 00:00 0 
7f9a24f7a000-7f9a24fff000 ---p 00000000 00:00 0 
7f9a24fff000-7f9a25000000 rw-p 00000000 00:00 0 
7f9a25000000-7f9a25540000 rwxp 00000000 00:00 0 
7f9a25540000-7f9a34000000 ---p 00000000 00:00 0 
7f9a34000000-7f9a3438d000 rw-p 00000000 00:00 0 
7f9a3438d000-7f9a38000000 ---p 00000000 00:00 0 
7f9a38018000-7f9a38019000 ---p 00000000 00:00 0 
7f9a38019000-7f9a3812e000 rw-p 00000000 00:00 0 
7f9a3812e000-7f9a384d9000 ---p 00000000 00:00 0 
7f9a384d9000-7f9a384f3000 r-xp 00000000 08:01 411352                     /opt/android-studio/jre/jre/lib/amd64/libzip.so
7f9a384f3000-7f9a386f3000 ---p 0001a000 08:01 411352                     /opt/android-studio/jre/jre/lib/amd64/libzip.so
7f9a386f3000-7f9a386f4000 r--p 0001a000 08:01 411352                     /opt/android-studio/jre/jre/lib/amd64/libzip.so
7f9a386f4000-7f9a386f5000 rw-p 0001b000 08:01 411352                     /opt/android-studio/jre/jre/lib/amd64/libzip.so
7f9a386f5000-7f9a38700000 r-xp 00000000 08:01 135974                     /lib/x86_64-linux-gnu/libnss_files-2.23.so
7f9a38700000-7f9a388ff000 ---p 0000b000 08:01 135974                     /lib/x86_64-linux-gnu/libnss_files-2.23.so
7f9a388ff000-7f9a38900000 r--p 0000a000 08:01 135974                     /lib/x86_64-linux-gnu/libnss_files-2.23.so
7f9a38900000-7f9a38901000 rw-p 0000b000 08:01 135974                     /lib/x86_64-linux-gnu/libnss_files-2.23.so
7f9a38901000-7f9a38907000 rw-p 00000000 00:00 0 
7f9a38907000-7f9a38912000 r-xp 00000000 08:01 135978                     /lib/x86_64-linux-gnu/libnss_nis-2.23.so
7f9a38912000-7f9a38b11000 ---p 0000b000 08:01 135978                     /lib/x86_64-linux-gnu/libnss_nis-2.23.so
7f9a38b11000-7f9a38b12000 r--p 0000a000 08:01 135978                     /lib/x86_64-linux-gnu/libnss_nis-2.23.so
7f9a38b12000-7f9a38b13000 rw-p 0000b000 08:01 135978                     /lib/x86_64-linux-gnu/libnss_nis-2.23.so
7f9a38b13000-7f9a38b29000 r-xp 00000000 08:01 131160                     /lib/x86_64-linux-gnu/libnsl-2.23.so
7f9a38b29000-7f9a38d28000 ---p 00016000 08:01 131160                     /lib/x86_64-linux-gnu/libnsl-2.23.so
7f9a38d28000-7f9a38d29000 r--p 00015000 08:01 131160                     /lib/x86_64-linux-gnu/libnsl-2.23.so
7f9a38d29000-7f9a38d2a000 rw-p 00016000 08:01 131160                     /lib/x86_64-linux-gnu/libnsl-2.23.so
7f9a38d2a000-7f9a38d2c000 rw-p 00000000 00:00 0 
7f9a38d2c000-7f9a38d34000 r-xp 00000000 08:01 135824                     /lib/x86_64-linux-gnu/libnss_compat-2.23.so
7f9a38d34000-7f9a38f33000 ---p 00008000 08:01 135824                     /lib/x86_64-linux-gnu/libnss_compat-2.23.so
7f9a38f33000-7f9a38f34000 r--p 00007000 08:01 135824                     /lib/x86_64-linux-gnu/libnss_compat-2.23.so
7f9a38f34000-7f9a38f35000 rw-p 00008000 08:01 135824                     /lib/x86_64-linux-gnu/libnss_compat-2.23.so
7f9a38f35000-7f9a38f62000 r-xp 00000000 08:01 411351                     /opt/android-studio/jre/jre/lib/amd64/libjava.so
7f9a38f62000-7f9a39161000 ---p 0002d000 08:01 411351                     /opt/android-studio/jre/jre/lib/amd64/libjava.so
7f9a39161000-7f9a39162000 r--p 0002c000 08:01 411351                     /opt/android-studio/jre/jre/lib/amd64/libjava.so
7f9a39162000-7f9a39164000 rw-p 0002d000 08:01 411351                     /opt/android-studio/jre/jre/lib/amd64/libjava.so
7f9a39164000-7f9a39174000 r-xp 00000000 08:01 411357                     /opt/android-studio/jre/jre/lib/amd64/libverify.so
7f9a39174000-7f9a39373000 ---p 00010000 08:01 411357                     /opt/android-studio/jre/jre/lib/amd64/libverify.so
7f9a39373000-7f9a39375000 r--p 0000f000 08:01 411357                     /opt/android-studio/jre/jre/lib/amd64/libverify.so
7f9a39375000-7f9a39376000 rw-p 00011000 08:01 411357                     /opt/android-studio/jre/jre/lib/amd64/libverify.so
7f9a39376000-7f9a3937d000 r-xp 00000000 08:01 136138                     /lib/x86_64-linux-gnu/librt-2.23.so
7f9a3937d000-7f9a3957c000 ---p 00007000 08:01 136138                     /lib/x86_64-linux-gnu/librt-2.23.so
7f9a3957c000-7f9a3957d000 r--p 00006000 08:01 136138                     /lib/x86_64-linux-gnu/librt-2.23.so
7f9a3957d000-7f9a3957e000 rw-p 00007000 08:01 136138                     /lib/x86_64-linux-gnu/librt-2.23.so
7f9a3957e000-7f9a39686000 r-xp 00000000 08:01 131159                     /lib/x86_64-linux-gnu/libm-2.23.so
7f9a39686000-7f9a39885000 ---p 00108000 08:01 131159                     /lib/x86_64-linux-gnu/libm-2.23.so
7f9a39885000-7f9a39886000 r--p 00107000 08:01 131159                     /lib/x86_64-linux-gnu/libm-2.23.so
7f9a39886000-7f9a39887000 rw-p 00108000 08:01 131159                     /lib/x86_64-linux-gnu/libm-2.23.so
7f9a39887000-7f9a3a47f000 r-xp 00000000 08:01 411361                     /opt/android-studio/jre/jre/lib/amd64/server/libjvm.so
7f9a3a47f000-7f9a3a67f000 ---p 00bf8000 08:01 411361                     /opt/android-studio/jre/jre/lib/amd64/server/libjvm.so
7f9a3a67f000-7f9a3a71e000 r--p 00bf8000 08:01 411361                     /opt/android-studio/jre/jre/lib/amd64/server/libjvm.so
7f9a3a71e000-7f9a3a747000 rw-p 00c97000 08:01 411361                     /opt/android-studio/jre/jre/lib/amd64/server/libjvm.so
7f9a3a747000-7f9a3a78b000 rw-p 00000000 00:00 0 
7f9a3a78b000-7f9a3a7a3000 r-xp 00000000 08:01 131162                     /lib/x86_64-linux-gnu/libpthread-2.23.so
7f9a3a7a3000-7f9a3a9a2000 ---p 00018000 08:01 131162                     /lib/x86_64-linux-gnu/libpthread-2.23.so
7f9a3a9a2000-7f9a3a9a3000 r--p 00017000 08:01 131162                     /lib/x86_64-linux-gnu/libpthread-2.23.so
7f9a3a9a3000-7f9a3a9a4000 rw-p 00018000 08:01 131162                     /lib/x86_64-linux-gnu/libpthread-2.23.so
7f9a3a9a4000-7f9a3a9a8000 rw-p 00000000 00:00 0 
7f9a3a9a8000-7f9a3a9ab000 r-xp 00000000 08:01 131165                     /lib/x86_64-linux-gnu/libdl-2.23.so
7f9a3a9ab000-7f9a3abaa000 ---p 00003000 08:01 131165                     /lib/x86_64-linux-gnu/libdl-2.23.so
7f9a3abaa000-7f9a3abab000 r--p 00002000 08:01 131165                     /lib/x86_64-linux-gnu/libdl-2.23.so
7f9a3abab000-7f9a3abac000 rw-p 00003000 08:01 131165                     /lib/x86_64-linux-gnu/libdl-2.23.so
7f9a3abac000-7f9a3ad6c000 r-xp 00000000 08:01 131163                     /lib/x86_64-linux-gnu/libc-2.23.so
7f9a3ad6c000-7f9a3af6c000 ---p 001c0000 08:01 131163                     /lib/x86_64-linux-gnu/libc-2.23.so
7f9a3af6c000-7f9a3af70000 r--p 001c0000 08:01 131163                     /lib/x86_64-linux-gnu/libc-2.23.so
7f9a3af70000-7f9a3af72000 rw-p 001c4000 08:01 131163                     /lib/x86_64-linux-gnu/libc-2.23.so
7f9a3af72000-7f9a3af76000 rw-p 00000000 00:00 0 
7f9a3af76000-7f9a3af8c000 r-xp 00000000 08:01 411300                     /opt/android-studio/jre/lib/amd64/jli/libjli.so
7f9a3af8c000-7f9a3b18b000 ---p 00016000 08:01 411300                     /opt/android-studio/jre/lib/amd64/jli/libjli.so
7f9a3b18b000-7f9a3b18c000 r--p 00015000 08:01 411300                     /opt/android-studio/jre/lib/amd64/jli/libjli.so
7f9a3b18c000-7f9a3b18d000 rw-p 00016000 08:01 411300                     /opt/android-studio/jre/lib/amd64/jli/libjli.so
7f9a3b18d000-7f9a3b1b3000 r-xp 00000000 08:01 131161                     /lib/x86_64-linux-gnu/ld-2.23.so
7f9a3b1b3000-7f9a3b1b8000 r--s 0004d000 08:06 1976023                    /home/kasi/ud851-Sunshine-student/S04.02-Exercise-DisplayDayForecast/app/build/intermediates/exploded-aar/com.android.support/recyclerview-v7/25.0.1/jars/classes.jar
7f9a3b1b8000-7f9a3b291000 rw-p 00000000 00:00 0 
7f9a3b291000-7f9a3b294000 ---p 00000000 00:00 0 
7f9a3b294000-7f9a3b396000 rw-p 00000000 00:00 0 
7f9a3b399000-7f9a3b3a7000 r--s 000e0000 08:06 6034408                    /home/kasi/Android/Sdk/build-tools/25.0.2/lib/dx.jar
7f9a3b3a7000-7f9a3b3af000 rw-s 00000000 08:01 2101404                    /tmp/hsperfdata_kasi/10093
7f9a3b3af000-7f9a3b3b0000 rw-p 00000000 00:00 0 
7f9a3b3b0000-7f9a3b3b1000 ---p 00000000 00:00 0 
7f9a3b3b1000-7f9a3b3b2000 rw-p 00000000 00:00 0 
7f9a3b3b2000-7f9a3b3b3000 r--p 00025000 08:01 131161                     /lib/x86_64-linux-gnu/ld-2.23.so
7f9a3b3b3000-7f9a3b3b4000 rw-p 00026000 08:01 131161                     /lib/x86_64-linux-gnu/ld-2.23.so
7f9a3b3b4000-7f9a3b3b5000 rw-p 00000000 00:00 0 
7ffe21adf000-7ffe21b00000 rw-p 00000000 00:00 0                          [stack]
7ffe21b75000-7ffe21b77000 r--p 00000000 00:00 0                          [vvar]
7ffe21b77000-7ffe21b79000 r-xp 00000000 00:00 0                          [vdso]
ffffffffff600000-ffffffffff601000 r-xp 00000000 00:00 0                  [vsyscall]

VM Arguments:
jvm_args: -Djava.awt.headless=true -Xmx1024M -Dfile.encoding=UTF-8 -Duser.country=US -Duser.language=en -Duser.variant 
java_command: com.android.dx.command.Main --dex --num-threads=4 --output /home/kasi/ud851-Sunshine-student/S04.02-Exercise-DisplayDayForecast/app/build/intermediates/pre-dexed/debug/com.android.support-recyclerview-v7-25.0.1_7f6519dbe62314b4590c545888a47ce6746dad18.jar /home/kasi/ud851-Sunshine-student/S04.02-Exercise-DisplayDayForecast/app/build/intermediates/exploded-aar/com.android.support/recyclerview-v7/25.0.1/jars/classes.jar
java_class_path (initial): /home/kasi/Android/Sdk/build-tools/25.0.2/lib/dx.jar
Launcher Type: SUN_STANDARD

Environment Variables:
JAVA_HOME=/usr/lib/jvm/java-8-oracle
PATH=/home/kasi/bin:/home/kasi/.local/bin:/usr/local/sbin:/usr/local/bin:/usr/sbin:/usr/bin:/sbin:/bin:/usr/games:/usr/local/games:/snap/bin:/usr/lib/jvm/java-8-oracle/bin:/usr/lib/jvm/java-8-oracle/db/bin:/usr/lib/jvm/java-8-oracle/jre/bin
LD_LIBRARY_PATH=/opt/android-studio/bin:
SHELL=/bin/bash
DISPLAY=:0

Signal Handlers:
SIGSEGV: [libjvm.so+0x9ebc60], sa_mask[0]=11111111011111111101111111111110, sa_flags=SA_RESTART|SA_SIGINFO
SIGBUS: [libjvm.so+0x9ebc60], sa_mask[0]=11111111011111111101111111111110, sa_flags=SA_RESTART|SA_SIGINFO
SIGFPE: [libjvm.so+0x84cf60], sa_mask[0]=11111111011111111101111111111110, sa_flags=SA_RESTART|SA_SIGINFO
SIGPIPE: [libjvm.so+0x84cf60], sa_mask[0]=11111111011111111101111111111110, sa_flags=SA_RESTART|SA_SIGINFO
SIGXFSZ: [libjvm.so+0x84cf60], sa_mask[0]=11111111011111111101111111111110, sa_flags=SA_RESTART|SA_SIGINFO
SIGILL: [libjvm.so+0x84cf60], sa_mask[0]=11111111011111111101111111111110, sa_flags=SA_RESTART|SA_SIGINFO
SIGUSR1: SIG_DFL, sa_mask[0]=00000000000000000000000000000000, sa_flags=none
SIGUSR2: [libjvm.so+0x84ce30], sa_mask[0]=00100000000000000000000000000000, sa_flags=SA_RESTART|SA_SIGINFO
SIGHUP: [libjvm.so+0x84d020], sa_mask[0]=11111111011111111101111111111110, sa_flags=SA_RESTART|SA_SIGINFO
SIGINT: [libjvm.so+0x84d020], sa_mask[0]=11111111011111111101111111111110, sa_flags=SA_RESTART|SA_SIGINFO
SIGTERM: [libjvm.so+0x84d020], sa_mask[0]=11111111011111111101111111111110, sa_flags=SA_RESTART|SA_SIGINFO
SIGQUIT: [libjvm.so+0x84d020], sa_mask[0]=11111111011111111101111111111110, sa_flags=SA_RESTART|SA_SIGINFO


---------------  S Y S T E M  ---------------

OS:DISTRIB_ID=Ubuntu
DISTRIB_RELEASE=16.04
DISTRIB_CODENAME=xenial
DISTRIB_DESCRIPTION="Ubuntu 16.04.4 LTS"

uname:Linux 4.10.0-28-generic #32~16.04.2-Ubuntu SMP Thu Jul 20 10:19:48 UTC 2017 x86_64
libc:glibc 2.23 NPTL 2.23 
rlimit: STACK 8192k, CORE 0k, NPROC 14019, NOFILE 1048576, AS infinity
load average:17.91 8.36 4.31

/proc/meminfo:
MemTotal:        3633656 kB
MemFree:           81976 kB
MemAvailable:          0 kB
Buffers:             812 kB
Cached:           100304 kB
SwapCached:         3464 kB
Active:          2720028 kB
Inactive:         639000 kB
Active(anon):    2710492 kB
Inactive(anon):   629408 kB
Active(file):       9536 kB
Inactive(file):     9592 kB
Unevictable:         120 kB
Mlocked:             120 kB
SwapTotal:        311292 kB
SwapFree:              0 kB
Dirty:                64 kB
Writeback:            88 kB
AnonPages:       3254592 kB
Mapped:            72004 kB
Shmem:             81976 kB
Slab:              76300 kB
SReclaimable:      36636 kB
SUnreclaim:        39664 kB
KernelStack:       13616 kB
PageTables:        50476 kB
NFS_Unstable:          0 kB
Bounce:                0 kB
WritebackTmp:          0 kB
CommitLimit:     2128120 kB
Committed_AS:    9034644 kB
VmallocTotal:   34359738367 kB
VmallocUsed:           0 kB
VmallocChunk:          0 kB
HardwareCorrupted:     0 kB
AnonHugePages:   1722368 kB
ShmemHugePages:        0 kB
ShmemPmdMapped:        0 kB
CmaTotal:              0 kB
CmaFree:               0 kB
HugePages_Total:       0
HugePages_Free:        0
HugePages_Rsvd:        0
HugePages_Surp:        0
Hugepagesize:       2048 kB
DirectMap4k:      254720 kB
DirectMap2M:     3522560 kB
DirectMap1G:           0 kB


CPU:total 2 (initial active 2) (2 cores per cpu, 1 threads per core) family 20 model 2 stepping 0, cmov, cx8, fxsr, mmx, sse, sse2, sse3, ssse3, popcnt, mmxext, lzcnt, sse4a, tsc, tscinvbit, tscinv

/proc/cpuinfo:
processor	: 0
vendor_id	: AuthenticAMD
cpu family	: 20
model		: 2
model name	: AMD E-300 APU with Radeon(tm) HD Graphics
stepping	: 0
microcode	: 0x500010d
cpu MHz		: 780.000
cache size	: 512 KB
physical id	: 0
siblings	: 2
core id		: 0
cpu cores	: 2
apicid		: 0
initial apicid	: 0
fpu		: yes
fpu_exception	: yes
cpuid level	: 6
wp		: yes
flags		: fpu vme de pse tsc msr pae mce cx8 apic sep mtrr pge mca cmov pat pse36 clflush mmx fxsr sse sse2 ht syscall nx mmxext fxsr_opt pdpe1gb rdtscp lm constant_tsc rep_good nopl nonstop_tsc extd_apicid aperfmperf pni monitor ssse3 cx16 popcnt lahf_lm cmp_legacy svm extapic cr8_legacy abm sse4a misalignsse 3dnowprefetch ibs skinit wdt hw_pstate vmmcall arat npt lbrv svm_lock nrip_save pausefilter
bugs		: fxsave_leak sysret_ss_attrs null_seg
bogomips	: 2595.22
TLB size	: 1024 4K pages
clflush size	: 64
cache_alignment	: 64
address sizes	: 36 bits physical, 48 bits virtual
power management: ts ttp tm stc 100mhzsteps hwpstate

processor	: 1
vendor_id	: AuthenticAMD
cpu family	: 20
model		: 2
model name	: AMD E-300 APU with Radeon(tm) HD Graphics
stepping	: 0
microcode	: 0x500010d
cpu MHz		: 1114.000
cache size	: 512 KB
physical id	: 0
siblings	: 2
core id		: 1
cpu cores	: 2
apicid		: 1
initial apicid	: 1
fpu		: yes
fpu_exception	: yes
cpuid level	: 6
wp		: yes
flags		: fpu vme de pse tsc msr pae mce cx8 apic sep mtrr pge mca cmov pat pse36 clflush mmx fxsr sse sse2 ht syscall nx mmxext fxsr_opt pdpe1gb rdtscp lm constant_tsc rep_good nopl nonstop_tsc extd_apicid aperfmperf pni monitor ssse3 cx16 popcnt lahf_lm cmp_legacy svm extapic cr8_legacy abm sse4a misalignsse 3dnowprefetch ibs skinit wdt hw_pstate vmmcall arat npt lbrv svm_lock nrip_save pausefilter
bugs		: fxsave_leak sysret_ss_attrs null_seg
bogomips	: 2595.22
TLB size	: 1024 4K pages
clflush size	: 64
cache_alignment	: 64
address sizes	: 36 bits physical, 48 bits virtual
power management: ts ttp tm stc 100mhzsteps hwpstate



Memory: 4k page, physical 3633656k(82228k free), swap 311292k(0k free)

vm_info: OpenJDK 64-Bit Server VM (25.152-b01) for linux-amd64 JRE (1.8.0_152-release-915-b01), built by "builder" with gcc 4.8.4

time: Tue May 22 00:08:03 2018
elapsed time: 57 seconds (0d 0h 0m 57s)

